[20/Sep/2015 01:59:40]"GET /consultar_lugar/ HTTP/1.1" 200 10275
[20/Sep/2015 02:00:17]"GET /consultar_lugar/2/?format=json HTTP/1.1" 200 290
[20/Sep/2015 02:01:57]"GET /consultar_lugar/2/?format=json HTTP/1.1" 200 290
[20/Sep/2015 02:06:32]"GET /consultar_lugar/2/?format=json HTTP/1.1" 200 290
[20/Sep/2015 02:09:06]"GET /consultar_lugar/2/?format=json HTTP/1.1" 200 290
[20/Sep/2015 02:10:49]"GET /consultar_lugar/2/?format=json HTTP/1.1" 200 290
[20/Sep/2015 02:24:14]"GET /consultar_lugar_cercano/-33.4740145/-70.6884366/2000/?format=json HTTP/1.1" 200 2112
[20/Sep/2015 02:28:53]"GET /consultar_lugar_cercano/-33.4735971/-70.6894004/2000/?format=json HTTP/1.1" 200 2111
[20/Sep/2015 03:01:46]"GET /consultar_lugar_cercano/-33.4740151/-70.6884367/2000/?format=json HTTP/1.1" 200 2113
[20/Sep/2015 03:03:32]"GET /consultar_lugar_cercano/-33.4734238/-70.6895359/2000/?format=json HTTP/1.1" 200 2110
[20/Sep/2015 03:07:46]"GET /consultar_lugar_cercano/-33.4734407/-70.6895111/2000/?format=json HTTP/1.1" 200 2110
[20/Sep/2015 03:09:32]"GET /consultar_lugar_cercano/-33.4727858/-70.6900901/2000/?format=json HTTP/1.1" 200 2113
[20/Sep/2015 03:12:13]"GET /consultar_lugar_cercano/-33.4737608/-70.6905351/2000/?format=json HTTP/1.1" 200 2111
[20/Sep/2015 03:16:31]"GET /consultar_lugar_cercano/-33.4735005/-70.6895197/2000/?format=json HTTP/1.1" 200 2111
[20/Sep/2015 03:16:45]"GET /consultar_lugar_cercano/-33.4736971/-70.6891428/2000/?format=json HTTP/1.1" 200 2112
[20/Sep/2015 03:26:37]"GET /consultar_lugar_cercano/-33.4734292/-70.6895687/2000/?format=json HTTP/1.1" 200 2112
[20/Sep/2015 03:31:40]"GET /consultar_lugar_cercano/-33.4740139/-70.688433/2000/?format=json HTTP/1.1" 200 2113
[20/Sep/2015 03:31:51]"GET /consultar_lugar_cercano/-33.4740144/-70.6884352/2000/?format=json HTTP/1.1" 200 2113
[20/Sep/2015 13:42:47]"GET /consultar_lugar_cercano/-33.4740142/-70.6884365/2000/?format=json HTTP/1.1" 200 2110
[20/Sep/2015 13:44:01]"GET /consultar_lugar_cercano/-33.4740145/-70.6884367/2000/?format=json HTTP/1.1" 200 2114
[20/Sep/2015 13:50:12]"GET /consultar_lugar_cercano/-33.4737087/-70.6888765/2000/?format=json HTTP/1.1" 200 2113
[20/Sep/2015 15:00:01]"GET /consultar_lugar_cercano/-33.4740151/-70.6884367/2000/?format=json HTTP/1.1" 200 2113
[20/Sep/2015 15:04:08]"GET /consultar_lugar_cercano/-33.4740151/-70.6884356/2000/?format=json HTTP/1.1" 200 2111
[20/Sep/2015 15:16:23]"GET /consultar_lugar_cercano/-33.4740149/-70.6884364/2000/?format=json HTTP/1.1" 200 2110
[20/Sep/2015 15:40:29]"GET /consultar_lugar_cercano/-33.4740151/-70.6884356/2000/?format=json HTTP/1.1" 200 2111
[20/Sep/2015 15:40:42]"GET /consultar_lugar_cercano/-33.4740149/-70.6884361/2000/?format=json HTTP/1.1" 200 2112
[20/Sep/2015 15:42:16]"GET /consultar_lugar_cercano/-33.4740142/-70.6884365/2000/?format=json HTTP/1.1" 200 2110
[20/Sep/2015 15:42:22]"GET /consultar_lugar/1/?format=json HTTP/1.1" 200 285
[20/Sep/2015 15:42:33]"GET /consultar_lugar/2/?format=json HTTP/1.1" 200 290
[20/Sep/2015 15:42:43]"GET /consultar_lugar/3/?format=json HTTP/1.1" 200 273
[20/Sep/2015 15:43:55]"GET /consultar_lugar/2/?format=json HTTP/1.1" 200 290
[20/Sep/2015 15:47:46]"GET /consultar_lugar/2/?format=json HTTP/1.1" 200 290
[20/Sep/2015 15:47:56]"GET /consultar_lugar/2/?format=json HTTP/1.1" 200 290
[20/Sep/2015 15:48:19]"GET /consultar_lugar_cercano/-33.4740145/-70.6884366/2000/?format=json HTTP/1.1" 200 2112
[20/Sep/2015 15:48:23]"GET /consultar_lugar/1/?format=json HTTP/1.1" 200 285
[20/Sep/2015 15:52:37]"GET /consultar_lugar_cercano/-33.4740151/-70.6884356/2000/?format=json HTTP/1.1" 200 2111
[20/Sep/2015 15:52:41]"GET /consultar_lugar/1/?format=json HTTP/1.1" 200 285
[20/Sep/2015 15:52:52]"GET /consultar_lugar/5/?format=json HTTP/1.1" 200 258
[20/Sep/2015 15:52:58]"GET /consultar_lugar/3/?format=json HTTP/1.1" 200 273
[20/Sep/2015 15:53:04]"GET /consultar_lugar/2/?format=json HTTP/1.1" 200 290
[20/Sep/2015 15:58:30]"GET /consultar_lugar_cercano/-33.4740142/-70.6884365/2000/?format=json HTTP/1.1" 200 2110
[20/Sep/2015 15:58:34]"GET /consultar_lugar/1/?format=json HTTP/1.1" 200 285
[20/Sep/2015 15:58:38]"GET /consultar_lugar/2/?format=json HTTP/1.1" 200 290
[20/Sep/2015 15:58:43]"GET /consultar_lugar/5/?format=json HTTP/1.1" 200 258
[20/Sep/2015 15:58:48]"GET /consultar_lugar/3/?format=json HTTP/1.1" 200 273
[20/Sep/2015 16:00:10]"GET /consultar_lugar_cercano/-33.4740139/-70.6884367/2000/?format=json HTTP/1.1" 200 2112
[20/Sep/2015 16:00:16]"GET /consultar_lugar/1/?format=json HTTP/1.1" 200 285
[20/Sep/2015 16:00:17]"GET /consultar_lugar/1/?format=json HTTP/1.1" 200 285
[20/Sep/2015 16:15:18]"GET /consultar_lugar_cercano/-33.4740133/-70.6884369/2000/?format=json HTTP/1.1" 200 2113
[20/Sep/2015 16:15:22]"GET /consultar_lugar/1/?format=json HTTP/1.1" 200 285
[20/Sep/2015 16:36:19]"GET /consultar_lugar/2/?format=json HTTP/1.1" 200 290
[20/Sep/2015 16:36:28]"GET /consultar_lugar/2/?format=json HTTP/1.1" 200 290
[20/Sep/2015 16:36:58]"GET /consultar_lugar/2/?format=json HTTP/1.1" 200 290
[20/Sep/2015 16:38:46]"GET /consultar_lugar/2/?format=json HTTP/1.1" 200 290
[20/Sep/2015 16:39:47]"GET /consultar_lugar_cercano/-33.4740139/-70.6884367/2000/?format=json HTTP/1.1" 200 2112
[20/Sep/2015 16:41:37]"GET /consultar_lugar_cercano/-33.4738722/-70.6889409/2000/?format=json HTTP/1.1" 200 2112
[20/Sep/2015 16:41:53]"GET /consultar_lugar/1/?format=json HTTP/1.1" 200 285
[20/Sep/2015 16:42:00]"GET /consultar_lugar/5/?format=json HTTP/1.1" 200 258
[20/Sep/2015 18:16:09]"GET /consultar_lugar_cercano/-33.5505719/-70.6513291/2000/?format=json HTTP/1.1" 200 2
[20/Sep/2015 18:17:18]"GET /consultar_lugar/ HTTP/1.1" 200 10275
[20/Sep/2015 18:17:18]"GET /static/rest_framework/css/prettify.css HTTP/1.1" 200 817
[20/Sep/2015 18:17:18]"GET /static/rest_framework/css/bootstrap-tweaks.css HTTP/1.1" 200 3143
[20/Sep/2015 18:17:18]"GET /static/rest_framework/css/default.css HTTP/1.1" 200 944
[20/Sep/2015 18:17:18]"GET /static/rest_framework/js/bootstrap.min.js HTTP/1.1" 200 31819
[20/Sep/2015 18:17:19]"GET /static/rest_framework/js/prettify-min.js HTTP/1.1" 200 13632
[20/Sep/2015 18:17:19]"GET /static/rest_framework/js/default.js HTTP/1.1" 200 1692
[20/Sep/2015 18:17:20]"GET /static/rest_framework/css/bootstrap.min.css HTTP/1.1" 200 109518
[20/Sep/2015 18:17:21]"GET /static/rest_framework/js/jquery-1.8.1-min.js HTTP/1.1" 200 92791
[20/Sep/2015 18:17:21]"GET /static/rest_framework/img/grid.png HTTP/1.1" 200 1458
[20/Sep/2015 18:17:27]"GET /favicon.ico HTTP/1.1" 404 3649
[20/Sep/2015 18:24:49]"GET /consultar_lugar_cercano/-33.5506044/-70.6513535/2000/?format=json HTTP/1.1" 200 2
[20/Sep/2015 18:29:37]"GET /consultar_lugar_cercano/-33.550604/-70.6513533/2000/?format=json HTTP/1.1" 200 2
[20/Sep/2015 18:30:27]"GET /consultar_lugar/ HTTP/1.1" 200 10275
[20/Sep/2015 18:30:27]"GET /static/rest_framework/css/bootstrap.min.css HTTP/1.1" 304 0
[20/Sep/2015 18:30:27]"GET /static/rest_framework/css/bootstrap-tweaks.css HTTP/1.1" 304 0
[20/Sep/2015 18:30:27]"GET /static/rest_framework/css/prettify.css HTTP/1.1" 304 0
[20/Sep/2015 18:30:27]"GET /static/rest_framework/css/default.css HTTP/1.1" 304 0
[20/Sep/2015 18:30:27]"GET /static/rest_framework/js/jquery-1.8.1-min.js HTTP/1.1" 304 0
[20/Sep/2015 18:30:28]"GET /static/rest_framework/js/bootstrap.min.js HTTP/1.1" 304 0
[20/Sep/2015 18:30:28]"GET /static/rest_framework/js/prettify-min.js HTTP/1.1" 304 0
[20/Sep/2015 18:30:28]"GET /static/rest_framework/js/default.js HTTP/1.1" 304 0
[20/Sep/2015 18:53:59]"GET /consultar_lugar/ HTTP/1.1" 200 10275
[20/Sep/2015 18:53:59]"GET /static/rest_framework/css/bootstrap.min.css HTTP/1.1" 304 0
[20/Sep/2015 18:53:59]"GET /static/rest_framework/css/bootstrap-tweaks.css HTTP/1.1" 304 0
[20/Sep/2015 18:53:59]"GET /static/rest_framework/css/prettify.css HTTP/1.1" 304 0
[20/Sep/2015 18:53:59]"GET /static/rest_framework/css/default.css HTTP/1.1" 304 0
[20/Sep/2015 18:53:59]"GET /static/rest_framework/js/jquery-1.8.1-min.js HTTP/1.1" 304 0
[20/Sep/2015 18:54:00]"GET /static/rest_framework/js/bootstrap.min.js HTTP/1.1" 304 0
[20/Sep/2015 18:54:00]"GET /static/rest_framework/js/prettify-min.js HTTP/1.1" 304 0
[20/Sep/2015 18:54:00]"GET /static/rest_framework/js/default.js HTTP/1.1" 304 0
[20/Sep/2015 18:55:57]"GET /consultar_lugar_cercano/-33.4740139/-70.688433/2000/?format=json HTTP/1.1" 200 2113
[20/Sep/2015 19:01:10]"GET /consultar_lugar_cercano/-33.550572/-70.6513289/2000/?format=json HTTP/1.1" 200 2
